<?xml version="1.0" encoding="UTF-8"?>
<testsuites name="Mobile" time="317.362" tests="5" failures="1" errors="0">
   <testsuite name="Mobile" tests="5" failures="1" errors="0" time="317.362" skipped="0" timestamp="2021-12-02 19:19:27" hostname="Moladin - LAPTOP-GA1E3H5N" id="Test Suites/Mobile">
      <properties>
         <property name="deviceName" value="Xiaomi M2003J15SC (Android 10)"/>
         <property name="devicePlatform" value=""/>
         <property name="logFolder" value="C:\\Users\\Moladin\\sehatq\\Reports\\20211202_191919\\Mobile\\20211202_191919"/>
         <property name="logFiles" value="C:\\Users\\Moladin\\sehatq\\Reports\\20211202_191919\\Mobile\\20211202_191919\\appium.log, C:\\Users\\Moladin\\sehatq\\Reports\\20211202_191919\\Mobile\\20211202_191919\\execution0.log"/>
         <property name="attachments" value="C:\\Users\\Moladin\\sehatq\\Reports\\20211202_191919\\Mobile\\20211202_191919\\1638447882690.png, C:\\Users\\Moladin\\sehatq\\Reports\\20211202_191919\\Mobile\\20211202_191919\\1638447883499.png"/>
         <property name="hostName" value="Moladin - LAPTOP-GA1E3H5N"/>
         <property name="os" value="Windows 10 64bit"/>
         <property name="appiumServerStatus" value="{&quot;value&quot;:{&quot;build&quot;:{&quot;version&quot;:&quot;1.22.0&quot;}},&quot;sessionId&quot;:null,&quot;status&quot;:0}"/>
         <property name="katalonVersion" value="8.1.0.208"/>
         <property name="deviceOS" value="Android"/>
         <property name="appiumVersion" value="1.22.0"/>
         <property name="deviceModel" value="M2003J15SC"/>
         <property name="hostAddress" value="192.168.0.109"/>
         <property name="deviceManufacturer" value="Xiaomi"/>
         <property name="deviceId" value="20860d7e0410"/>
         <property name="deviceName" value="Xiaomi M2003J15SC (Android 10)"/>
         <property name="deviceOSVersion" value="10"/>
      </properties>
      <testcase name="Test Cases/SehatQ/Mobile/Login" time="39.338" classname="Test Cases/SehatQ/Mobile/Login" status="PASSED">
         <system-out><![CDATA[2021-12-02 19:19:28 - [TEST_CASE][PASSED] - Test Cases/SehatQ/Mobile/Login: Test Cases/SehatQ/Mobile/Login

2021-12-02 19:19:28 - [TEST_STEP][PASSED] - startExistingApplication("com.she.sehatq"): Starting app with application ID: 'com.she.sehatq'

2021-12-02 19:19:30 - [MESSAGE][INFO] - Appium server started on port 59,903

2021-12-02 19:19:43 - [MESSAGE][PASSED] - Starting app with application ID: 'com.she.sehatq'

2021-12-02 19:19:43 - [TEST_STEP][PASSED] - mobile = new com.sehatq.pageobjects.mobile.home.MobileSehatq(): null

2021-12-02 19:19:43 - [TEST_STEP][PASSED] - mobile.login(Email, Password): Close app successfully

2021-12-02 19:19:46 - [MESSAGE][WARNING] - Object aktifkanlokasimu not found

2021-12-02 19:19:50 - [MESSAGE][PASSED] - Tapped on element 'klikprofiel'

2021-12-02 19:19:53 - [MESSAGE][PASSED] - Tapped on element 'inputemail'

2021-12-02 19:19:55 - [MESSAGE][PASSED] - Text 'fauzifajrn@gmail.com' has been set to element 'inputemail'

2021-12-02 19:19:57 - [MESSAGE][PASSED] - Tapped on element 'inputpassword'

2021-12-02 19:19:57 - [MESSAGE][PASSED] - Text 'fauzi123' has been set to element 'inputpassword'

2021-12-02 19:19:58 - [MESSAGE][PASSED] - Tapped on element 'aktifkanlokasimu'

2021-12-02 19:19:58 - [MESSAGE][WARNING] - Timeout '0' is invalid. Using default page load timeout: '30'

2021-12-02 19:19:59 - [MESSAGE][PASSED] - Element 'logodashboard' is present

2021-12-02 19:19:59 - [MESSAGE][INFO] - login berhasil

2021-12-02 19:20:03 - [MESSAGE][PASSED] - Tapped on element 'klikhamburgerprofil'

2021-12-02 19:20:04 - [MESSAGE][PASSED] - Tapped on element 'klikpengaturanaplikasi'

2021-12-02 19:20:05 - [MESSAGE][PASSED] - Tapped on element 'buttonlogout'

2021-12-02 19:20:06 - [MESSAGE][PASSED] - Tapped on element 'kliklogoutya'

2021-12-02 19:20:07 - [MESSAGE][PASSED] - Close app successfully]]></system-out>
         <system-err><![CDATA[]]></system-err>
      </testcase>
      <testcase name="Test Cases/SehatQ/Mobile/Login" time="91.159" classname="Test Cases/SehatQ/Mobile/Login" status="PASSED">
         <system-out><![CDATA[2021-12-02 19:20:07 - [TEST_CASE][PASSED] - Test Cases/SehatQ/Mobile/Login: Test Cases/SehatQ/Mobile/Login

2021-12-02 19:20:07 - [TEST_STEP][PASSED] - startExistingApplication("com.she.sehatq"): Starting app with application ID: 'com.she.sehatq'

2021-12-02 19:20:09 - [MESSAGE][INFO] - Appium server started on port 60,101

2021-12-02 19:20:20 - [MESSAGE][PASSED] - Starting app with application ID: 'com.she.sehatq'

2021-12-02 19:20:20 - [TEST_STEP][PASSED] - mobile = new com.sehatq.pageobjects.mobile.home.MobileSehatq(): null

2021-12-02 19:20:20 - [TEST_STEP][PASSED] - mobile.login(Email, Password): Close app successfully

2021-12-02 19:20:24 - [MESSAGE][WARNING] - Object aktifkanlokasimu not found

2021-12-02 19:20:24 - [MESSAGE][PASSED] - Tapped on element 'klikprofiel'

2021-12-02 19:20:27 - [MESSAGE][PASSED] - Tapped on element 'inputemail'

2021-12-02 19:20:29 - [MESSAGE][PASSED] - Text 'fauzifajrn44@gmail.com' has been set to element 'inputemail'

2021-12-02 19:20:31 - [MESSAGE][PASSED] - Tapped on element 'inputpassword'

2021-12-02 19:20:32 - [MESSAGE][PASSED] - Text 'fauzi123' has been set to element 'inputpassword'

2021-12-02 19:20:33 - [MESSAGE][PASSED] - Tapped on element 'aktifkanlokasimu'

2021-12-02 19:20:33 - [MESSAGE][WARNING] - Timeout '0' is invalid. Using default page load timeout: '30'

2021-12-02 19:21:03 - [MESSAGE][WARNING] - Object logodashboard not found

2021-12-02 19:21:03 - [MESSAGE][WARNING] - Timeout '0' is invalid. Using default page load timeout: '30'

2021-12-02 19:21:33 - [MESSAGE][WARNING] - Object popupemailataupasswordsalah not found

2021-12-02 19:21:33 - [MESSAGE][WARNING] - Timeout '0' is invalid. Using default page load timeout: '30'

2021-12-02 19:21:33 - [MESSAGE][PASSED] - Element 'buttonokpopupemailsalah' is present

2021-12-02 19:21:33 - [MESSAGE][PASSED] - Tapped on element 'buttonokpopupemailsalah'

2021-12-02 19:21:35 - [MESSAGE][PASSED] - Element 'hapusemailpopupemailsalah' text is cleared

2021-12-02 19:21:36 - [MESSAGE][PASSED] - Element 'hapuspasswordpopupemailsalah' text is cleared

2021-12-02 19:21:38 - [MESSAGE][PASSED] - Double tapped on element 'clickback'

2021-12-02 19:21:38 - [MESSAGE][PASSED] - Close app successfully]]></system-out>
         <system-err><![CDATA[]]></system-err>
      </testcase>
      <testcase name="Test Cases/SehatQ/Mobile/Login" time="62.323" classname="Test Cases/SehatQ/Mobile/Login" status="PASSED">
         <system-out><![CDATA[2021-12-02 19:21:38 - [TEST_CASE][PASSED] - Test Cases/SehatQ/Mobile/Login: Test Cases/SehatQ/Mobile/Login

2021-12-02 19:21:38 - [TEST_STEP][PASSED] - startExistingApplication("com.she.sehatq"): Starting app with application ID: 'com.she.sehatq'

2021-12-02 19:21:40 - [MESSAGE][INFO] - Appium server started on port 60,180

2021-12-02 19:21:51 - [MESSAGE][PASSED] - Starting app with application ID: 'com.she.sehatq'

2021-12-02 19:21:51 - [TEST_STEP][PASSED] - mobile = new com.sehatq.pageobjects.mobile.home.MobileSehatq(): null

2021-12-02 19:21:51 - [TEST_STEP][PASSED] - mobile.login(Email, Password): Close app successfully

2021-12-02 19:21:54 - [MESSAGE][WARNING] - Object aktifkanlokasimu not found

2021-12-02 19:21:55 - [MESSAGE][PASSED] - Tapped on element 'klikprofiel'

2021-12-02 19:21:58 - [MESSAGE][PASSED] - Tapped on element 'inputemail'

2021-12-02 19:21:59 - [MESSAGE][PASSED] - Text 'fauzifajrn@gmail.com' has been set to element 'inputemail'

2021-12-02 19:22:01 - [MESSAGE][PASSED] - Tapped on element 'inputpassword'

2021-12-02 19:22:02 - [MESSAGE][PASSED] - Text 'fauzi1234' has been set to element 'inputpassword'

2021-12-02 19:22:03 - [MESSAGE][PASSED] - Tapped on element 'aktifkanlokasimu'

2021-12-02 19:22:03 - [MESSAGE][WARNING] - Timeout '0' is invalid. Using default page load timeout: '30'

2021-12-02 19:22:34 - [MESSAGE][WARNING] - Object logodashboard not found

2021-12-02 19:22:34 - [MESSAGE][WARNING] - Timeout '0' is invalid. Using default page load timeout: '30'

2021-12-02 19:22:34 - [MESSAGE][PASSED] - Element 'popupemailataupasswordsalah' is present

2021-12-02 19:22:34 - [MESSAGE][PASSED] - Tapped on element 'buttonokpopupemailsalah'

2021-12-02 19:22:36 - [MESSAGE][PASSED] - Element 'hapusemailpopupemailsalah' text is cleared

2021-12-02 19:22:36 - [MESSAGE][PASSED] - Element 'hapuspasswordpopupemailsalah' text is cleared

2021-12-02 19:22:38 - [MESSAGE][PASSED] - Delayed 2 second(s)

2021-12-02 19:22:40 - [MESSAGE][PASSED] - Double tapped on element 'clickback'

2021-12-02 19:22:41 - [MESSAGE][PASSED] - Close app successfully]]></system-out>
         <system-err><![CDATA[]]></system-err>
      </testcase>
      <testcase name="Test Cases/SehatQ/Mobile/Register" time="75.036" classname="Test Cases/SehatQ/Mobile/Register" status="PASSED">
         <system-out><![CDATA[2021-12-02 19:22:41 - [TEST_CASE][PASSED] - Test Cases/SehatQ/Mobile/Register: Test Cases/SehatQ/Mobile/Register

2021-12-02 19:22:41 - [TEST_STEP][PASSED] - startExistingApplication("com.she.sehatq"): Starting app with application ID: 'com.she.sehatq'

2021-12-02 19:22:43 - [MESSAGE][INFO] - Appium server started on port 60,393

2021-12-02 19:22:54 - [MESSAGE][PASSED] - Starting app with application ID: 'com.she.sehatq'

2021-12-02 19:22:54 - [TEST_STEP][PASSED] - mobile = new com.sehatq.pageobjects.mobile.home.MobileSehatq(): null

2021-12-02 19:22:54 - [TEST_STEP][PASSED] - mobile.register(nama, Email, Password, Action, nomortlp, gender, jenisidentitas, nomoridentitas): Close app successfully

2021-12-02 19:22:57 - [MESSAGE][WARNING] - Object aktifkanlokasimu not found

2021-12-02 19:22:59 - [MESSAGE][PASSED] - Tapped on element 'klikprofiel'

2021-12-02 19:22:59 - [MESSAGE][WARNING] - Timeout '0' is invalid. Using default page load timeout: '30'

2021-12-02 19:23:29 - [MESSAGE][WARNING] - Object verifylogin not found

2021-12-02 19:23:29 - [MESSAGE][INFO] - Tidak perlu logout dulu 

2021-12-02 19:23:29 - [MESSAGE][PASSED] - Tapped on element 'klikdaftar'

2021-12-02 19:23:29 - [MESSAGE][WARNING] - Timeout '0' is invalid. Using default page load timeout: '30'

2021-12-02 19:23:32 - [MESSAGE][PASSED] - Text 'fauzi' has been set to element 'inputnamalengkap'

2021-12-02 19:23:33 - [MESSAGE][PASSED] - Delayed 1 second(s)

2021-12-02 19:23:33 - [MESSAGE][WARNING] - Timeout '0' is invalid. Using default page load timeout: '30'

2021-12-02 19:23:34 - [MESSAGE][PASSED] - Text 'fauzifajjjrrrn@gmail.com' has been set to element 'inputemaildaftar'

2021-12-02 19:23:35 - [MESSAGE][PASSED] - Delayed 1 second(s)

2021-12-02 19:23:35 - [MESSAGE][WARNING] - Timeout '0' is invalid. Using default page load timeout: '30'

2021-12-02 19:23:37 - [MESSAGE][PASSED] - Text 'fauzi123' has been set to element 'inputpassworddaftar'

2021-12-02 19:23:38 - [MESSAGE][PASSED] - Delayed 1 second(s)

2021-12-02 19:23:38 - [MESSAGE][PASSED] - Tapped on element 'kliksayasetuju'

2021-12-02 19:23:39 - [MESSAGE][PASSED] - Delayed 1 second(s)

2021-12-02 19:23:39 - [MESSAGE][PASSED] - Tapped on element 'buttondaftar'

2021-12-02 19:23:40 - [MESSAGE][PASSED] - Delayed 1 second(s)

2021-12-02 19:23:40 - [MESSAGE][WARNING] - Timeout '0' is invalid. Using default page load timeout: '30'

2021-12-02 19:23:45 - [MESSAGE][PASSED] - Text '08571763667' has been set to element 'inputnotlp'

2021-12-02 19:23:46 - [MESSAGE][PASSED] - Delayed 1 second(s)

2021-12-02 19:23:46 - [MESSAGE][PASSED] - Tapped on element 'inputtgllahir'

2021-12-02 19:23:47 - [MESSAGE][PASSED] - Delayed 1 second(s)

2021-12-02 19:23:48 - [MESSAGE][PASSED] - Tapped on element 'pilihtgllahir'

2021-12-02 19:23:49 - [MESSAGE][PASSED] - Delayed 1 second(s)

2021-12-02 19:23:49 - [MESSAGE][PASSED] - Tapped on element 'jeniskelamin'

2021-12-02 19:23:50 - [MESSAGE][PASSED] - Tapped on element 'jenisidentitas'

2021-12-02 19:23:51 - [MESSAGE][PASSED] - Tapped on element 'klikjenisidentitas'

2021-12-02 19:23:53 - [MESSAGE][PASSED] - Tapped on element 'ktp'

2021-12-02 19:23:54 - [MESSAGE][PASSED] - Text '32764563366372' has been set to element 'noidentitas'

2021-12-02 19:23:55 - [MESSAGE][PASSED] - Tapped on element 'buttonlanjut'

2021-12-02 19:23:55 - [MESSAGE][INFO] - register behasil

2021-12-02 19:23:56 - [MESSAGE][PASSED] - Close app successfully]]></system-out>
         <system-err><![CDATA[]]></system-err>
      </testcase>
      <testcase name="Test Cases/SehatQ/Mobile/cart" time="47.784" classname="Test Cases/SehatQ/Mobile/cart" status="FAILED">
         <failure type="FAILED" message="Test Cases/SehatQ/Mobile/cart FAILED.
Reason:
com.kms.katalon.core.exception.StepFailedException: Object klikprofiel not found
	at com.kms.katalon.core.keyword.internal.KeywordMain.stepFailed(KeywordMain.groovy:50)
	at com.kms.katalon.core.mobile.keyword.internal.MobileKeywordMain.stepFailed(MobileKeywordMain.groovy:40)
	at com.kms.katalon.core.mobile.keyword.builtin.TapKeyword$_tap_closure1.doCall(TapKeyword.groovy:79)
	at com.kms.katalon.core.mobile.keyword.builtin.TapKeyword$_tap_closure1.call(TapKeyword.groovy)
	at com.kms.katalon.core.mobile.keyword.internal.MobileKeywordMain.runKeyword(MobileKeywordMain.groovy:21)
	at com.kms.katalon.core.mobile.keyword.builtin.TapKeyword.tap(TapKeyword.groovy:86)
	at com.kms.katalon.core.mobile.keyword.builtin.TapKeyword.execute(TapKeyword.groovy:68)
	at com.kms.katalon.core.keyword.internal.KeywordExecutor.executeKeywordForPlatform(KeywordExecutor.groovy:74)
	at com.kms.katalon.core.mobile.keyword.MobileBuiltInKeywords.tap(MobileBuiltInKeywords.groovy:1355)
	at com.kms.katalon.core.mobile.keyword.MobileBuiltInKeywords$tap$1.call(Unknown Source)
	at com.sehatq.pageobjects.mobile.home.MobileSehatq.cart(MobileSehatq.groovy:332)
	at com.sehatq.pageobjects.mobile.home.MobileSehatq$cart$1.call(Unknown Source)
	at cart.run(cart:27)
	at com.kms.katalon.core.main.ScriptEngine.run(ScriptEngine.java:194)
	at com.kms.katalon.core.main.ScriptEngine.runScriptAsRawText(ScriptEngine.java:119)
	at com.kms.katalon.core.main.TestCaseExecutor.runScript(TestCaseExecutor.java:430)
	at com.kms.katalon.core.main.TestCaseExecutor.doExecute(TestCaseExecutor.java:421)
	at com.kms.katalon.core.main.TestCaseExecutor.processExecutionPhase(TestCaseExecutor.java:400)
	at com.kms.katalon.core.main.TestCaseExecutor.accessMainPhase(TestCaseExecutor.java:392)
	at com.kms.katalon.core.main.TestCaseExecutor.execute(TestCaseExecutor.java:273)
	at com.kms.katalon.core.main.TestSuiteExecutor.accessTestCaseMainPhase(TestSuiteExecutor.java:202)
	at com.kms.katalon.core.main.TestSuiteExecutor.accessTestSuiteMainPhase(TestSuiteExecutor.java:164)
	at com.kms.katalon.core.main.TestSuiteExecutor.execute(TestSuiteExecutor.java:105)
	at com.kms.katalon.core.main.TestCaseMain.startTestSuite(TestCaseMain.java:185)
	at com.kms.katalon.core.main.TestCaseMain$startTestSuite$0.call(Unknown Source)
	at TempTestSuite1638447559393.run(TempTestSuite1638447559393.groovy:36)
"/>
         <system-out><![CDATA[2021-12-02 19:23:56 - [TEST_CASE][FAILED] - Test Cases/SehatQ/Mobile/cart: Test Cases/SehatQ/Mobile/cart FAILED.
Reason:
com.kms.katalon.core.exception.StepFailedException: Object klikprofiel not found
	at com.kms.katalon.core.keyword.internal.KeywordMain.stepFailed(KeywordMain.groovy:50)
	at com.kms.katalon.core.mobile.keyword.internal.MobileKeywordMain.stepFailed(MobileKeywordMain.groovy:40)
	at com.kms.katalon.core.mobile.keyword.builtin.TapKeyword$_tap_closure1.doCall(TapKeyword.groovy:79)
	at com.kms.katalon.core.mobile.keyword.builtin.TapKeyword$_tap_closure1.call(TapKeyword.groovy)
	at com.kms.katalon.core.mobile.keyword.internal.MobileKeywordMain.runKeyword(MobileKeywordMain.groovy:21)
	at com.kms.katalon.core.mobile.keyword.builtin.TapKeyword.tap(TapKeyword.groovy:86)
	at com.kms.katalon.core.mobile.keyword.builtin.TapKeyword.execute(TapKeyword.groovy:68)
	at com.kms.katalon.core.keyword.internal.KeywordExecutor.executeKeywordForPlatform(KeywordExecutor.groovy:74)
	at com.kms.katalon.core.mobile.keyword.MobileBuiltInKeywords.tap(MobileBuiltInKeywords.groovy:1355)
	at com.kms.katalon.core.mobile.keyword.MobileBuiltInKeywords$tap$1.call(Unknown Source)
	at com.sehatq.pageobjects.mobile.home.MobileSehatq.cart(MobileSehatq.groovy:332)
	at com.sehatq.pageobjects.mobile.home.MobileSehatq$cart$1.call(Unknown Source)
	at cart.run(cart:27)
	at com.kms.katalon.core.main.ScriptEngine.run(ScriptEngine.java:194)
	at com.kms.katalon.core.main.ScriptEngine.runScriptAsRawText(ScriptEngine.java:119)
	at com.kms.katalon.core.main.TestCaseExecutor.runScript(TestCaseExecutor.java:430)
	at com.kms.katalon.core.main.TestCaseExecutor.doExecute(TestCaseExecutor.java:421)
	at com.kms.katalon.core.main.TestCaseExecutor.processExecutionPhase(TestCaseExecutor.java:400)
	at com.kms.katalon.core.main.TestCaseExecutor.accessMainPhase(TestCaseExecutor.java:392)
	at com.kms.katalon.core.main.TestCaseExecutor.execute(TestCaseExecutor.java:273)
	at com.kms.katalon.core.main.TestSuiteExecutor.accessTestCaseMainPhase(TestSuiteExecutor.java:202)
	at com.kms.katalon.core.main.TestSuiteExecutor.accessTestSuiteMainPhase(TestSuiteExecutor.java:164)
	at com.kms.katalon.core.main.TestSuiteExecutor.execute(TestSuiteExecutor.java:105)
	at com.kms.katalon.core.main.TestCaseMain.startTestSuite(TestCaseMain.java:185)
	at com.kms.katalon.core.main.TestCaseMain$startTestSuite$0.call(Unknown Source)
	at TempTestSuite1638447559393.run(TempTestSuite1638447559393.groovy:36)


2021-12-02 19:23:56 - [TEST_STEP][PASSED] - startExistingApplication("com.she.sehatq"): Starting app with application ID: 'com.she.sehatq'

2021-12-02 19:23:58 - [MESSAGE][INFO] - Appium server started on port 60,581

2021-12-02 19:24:09 - [MESSAGE][PASSED] - Starting app with application ID: 'com.she.sehatq'

2021-12-02 19:24:09 - [TEST_STEP][PASSED] - mobile = new com.sehatq.pageobjects.mobile.home.MobileSehatq(): null

2021-12-02 19:24:09 - [TEST_STEP][FAILED] - mobile.cart(email, password, carilokasi, labelalamat, namapenerima, notlpnpenerima, catatan, pengiriman, jenispengiriman, pembayaran): Failed to tap on element 'klikprofiel' (Root cause: com.kms.katalon.core.exception.StepFailedException: Object klikprofiel not found
	at com.kms.katalon.core.keyword.internal.KeywordMain.stepFailed(KeywordMain.groovy:50)
	at com.kms.katalon.core.mobile.keyword.internal.MobileKeywordMain.stepFailed(MobileKeywordMain.groovy:40)
	at com.kms.katalon.core.mobile.keyword.builtin.TapKeyword$_tap_closure1.doCall(TapKeyword.groovy:79)
	at com.kms.katalon.core.mobile.keyword.builtin.TapKeyword$_tap_closure1.call(TapKeyword.groovy)
	at com.kms.katalon.core.mobile.keyword.internal.MobileKeywordMain.runKeyword(MobileKeywordMain.groovy:21)
	at com.kms.katalon.core.mobile.keyword.builtin.TapKeyword.tap(TapKeyword.groovy:86)
	at com.kms.katalon.core.mobile.keyword.builtin.TapKeyword.execute(TapKeyword.groovy:68)
	at com.kms.katalon.core.keyword.internal.KeywordExecutor.executeKeywordForPlatform(KeywordExecutor.groovy:74)
	at com.kms.katalon.core.mobile.keyword.MobileBuiltInKeywords.tap(MobileBuiltInKeywords.groovy:1355)
	at com.kms.katalon.core.mobile.keyword.MobileBuiltInKeywords$tap$1.call(Unknown Source)
	at com.sehatq.pageobjects.mobile.home.MobileSehatq.cart(MobileSehatq.groovy:332)
	at com.sehatq.pageobjects.mobile.home.MobileSehatq$cart$1.call(Unknown Source)
	at cart.run(cart:27)
	at com.kms.katalon.core.main.ScriptEngine.run(ScriptEngine.java:194)
	at com.kms.katalon.core.main.ScriptEngine.runScriptAsRawText(ScriptEngine.java:119)
	at com.kms.katalon.core.main.TestCaseExecutor.runScript(TestCaseExecutor.java:430)
	at com.kms.katalon.core.main.TestCaseExecutor.doExecute(TestCaseExecutor.java:421)
	at com.kms.katalon.core.main.TestCaseExecutor.processExecutionPhase(TestCaseExecutor.java:400)
	at com.kms.katalon.core.main.TestCaseExecutor.accessMainPhase(TestCaseExecutor.java:392)
	at com.kms.katalon.core.main.TestCaseExecutor.execute(TestCaseExecutor.java:273)
	at com.kms.katalon.core.main.TestSuiteExecutor.accessTestCaseMainPhase(TestSuiteExecutor.java:202)
	at com.kms.katalon.core.main.TestSuiteExecutor.accessTestSuiteMainPhase(TestSuiteExecutor.java:164)
	at com.kms.katalon.core.main.TestSuiteExecutor.execute(TestSuiteExecutor.java:105)
	at com.kms.katalon.core.main.TestCaseMain.startTestSuite(TestCaseMain.java:185)
	at com.kms.katalon.core.main.TestCaseMain$startTestSuite$0.call(Unknown Source)
	at TempTestSuite1638447559393.run(TempTestSuite1638447559393.groovy:36)
)

2021-12-02 19:24:12 - [MESSAGE][WARNING] - Object aktifkanlokasimu not found

2021-12-02 19:24:43 - [MESSAGE][FAILED] - Object klikprofiel not found
[[ATTACHMENT|C:\\Users\\Moladin\\sehatq\\Reports\\20211202_191919\\Mobile\\20211202_191919\\1638447882690.png]]

2021-12-02 19:24:44 - [MESSAGE][FAILED] - Failed to tap on element 'klikprofiel' (Root cause: com.kms.katalon.core.exception.StepFailedException: Object klikprofiel not found
	at com.kms.katalon.core.keyword.internal.KeywordMain.stepFailed(KeywordMain.groovy:50)
	at com.kms.katalon.core.mobile.keyword.internal.MobileKeywordMain.stepFailed(MobileKeywordMain.groovy:40)
	at com.kms.katalon.core.mobile.keyword.builtin.TapKeyword$_tap_closure1.doCall(TapKeyword.groovy:79)
	at com.kms.katalon.core.mobile.keyword.builtin.TapKeyword$_tap_closure1.call(TapKeyword.groovy)
	at com.kms.katalon.core.mobile.keyword.internal.MobileKeywordMain.runKeyword(MobileKeywordMain.groovy:21)
	at com.kms.katalon.core.mobile.keyword.builtin.TapKeyword.tap(TapKeyword.groovy:86)
	at com.kms.katalon.core.mobile.keyword.builtin.TapKeyword.execute(TapKeyword.groovy:68)
	at com.kms.katalon.core.keyword.internal.KeywordExecutor.executeKeywordForPlatform(KeywordExecutor.groovy:74)
	at com.kms.katalon.core.mobile.keyword.MobileBuiltInKeywords.tap(MobileBuiltInKeywords.groovy:1355)
	at com.kms.katalon.core.mobile.keyword.MobileBuiltInKeywords$tap$1.call(Unknown Source)
	at com.sehatq.pageobjects.mobile.home.MobileSehatq.cart(MobileSehatq.groovy:332)
	at com.sehatq.pageobjects.mobile.home.MobileSehatq$cart$1.call(Unknown Source)
	at cart.run(cart:27)
	at com.kms.katalon.core.main.ScriptEngine.run(ScriptEngine.java:194)
	at com.kms.katalon.core.main.ScriptEngine.runScriptAsRawText(ScriptEngine.java:119)
	at com.kms.katalon.core.main.TestCaseExecutor.runScript(TestCaseExecutor.java:430)
	at com.kms.katalon.core.main.TestCaseExecutor.doExecute(TestCaseExecutor.java:421)
	at com.kms.katalon.core.main.TestCaseExecutor.processExecutionPhase(TestCaseExecutor.java:400)
	at com.kms.katalon.core.main.TestCaseExecutor.accessMainPhase(TestCaseExecutor.java:392)
	at com.kms.katalon.core.main.TestCaseExecutor.execute(TestCaseExecutor.java:273)
	at com.kms.katalon.core.main.TestSuiteExecutor.accessTestCaseMainPhase(TestSuiteExecutor.java:202)
	at com.kms.katalon.core.main.TestSuiteExecutor.accessTestSuiteMainPhase(TestSuiteExecutor.java:164)
	at com.kms.katalon.core.main.TestSuiteExecutor.execute(TestSuiteExecutor.java:105)
	at com.kms.katalon.core.main.TestCaseMain.startTestSuite(TestCaseMain.java:185)
	at com.kms.katalon.core.main.TestCaseMain$startTestSuite$0.call(Unknown Source)
	at TempTestSuite1638447559393.run(TempTestSuite1638447559393.groovy:36)
)
[[ATTACHMENT|C:\\Users\\Moladin\\sehatq\\Reports\\20211202_191919\\Mobile\\20211202_191919\\1638447883499.png]]]]></system-out>
         <system-err><![CDATA[2021-12-02 19:23:56 - [TEST_CASE][FAILED] - Test Cases/SehatQ/Mobile/cart: Test Cases/SehatQ/Mobile/cart FAILED.
Reason:
com.kms.katalon.core.exception.StepFailedException: Object klikprofiel not found
	at com.kms.katalon.core.keyword.internal.KeywordMain.stepFailed(KeywordMain.groovy:50)
	at com.kms.katalon.core.mobile.keyword.internal.MobileKeywordMain.stepFailed(MobileKeywordMain.groovy:40)
	at com.kms.katalon.core.mobile.keyword.builtin.TapKeyword$_tap_closure1.doCall(TapKeyword.groovy:79)
	at com.kms.katalon.core.mobile.keyword.builtin.TapKeyword$_tap_closure1.call(TapKeyword.groovy)
	at com.kms.katalon.core.mobile.keyword.internal.MobileKeywordMain.runKeyword(MobileKeywordMain.groovy:21)
	at com.kms.katalon.core.mobile.keyword.builtin.TapKeyword.tap(TapKeyword.groovy:86)
	at com.kms.katalon.core.mobile.keyword.builtin.TapKeyword.execute(TapKeyword.groovy:68)
	at com.kms.katalon.core.keyword.internal.KeywordExecutor.executeKeywordForPlatform(KeywordExecutor.groovy:74)
	at com.kms.katalon.core.mobile.keyword.MobileBuiltInKeywords.tap(MobileBuiltInKeywords.groovy:1355)
	at com.kms.katalon.core.mobile.keyword.MobileBuiltInKeywords$tap$1.call(Unknown Source)
	at com.sehatq.pageobjects.mobile.home.MobileSehatq.cart(MobileSehatq.groovy:332)
	at com.sehatq.pageobjects.mobile.home.MobileSehatq$cart$1.call(Unknown Source)
	at cart.run(cart:27)
	at com.kms.katalon.core.main.ScriptEngine.run(ScriptEngine.java:194)
	at com.kms.katalon.core.main.ScriptEngine.runScriptAsRawText(ScriptEngine.java:119)
	at com.kms.katalon.core.main.TestCaseExecutor.runScript(TestCaseExecutor.java:430)
	at com.kms.katalon.core.main.TestCaseExecutor.doExecute(TestCaseExecutor.java:421)
	at com.kms.katalon.core.main.TestCaseExecutor.processExecutionPhase(TestCaseExecutor.java:400)
	at com.kms.katalon.core.main.TestCaseExecutor.accessMainPhase(TestCaseExecutor.java:392)
	at com.kms.katalon.core.main.TestCaseExecutor.execute(TestCaseExecutor.java:273)
	at com.kms.katalon.core.main.TestSuiteExecutor.accessTestCaseMainPhase(TestSuiteExecutor.java:202)
	at com.kms.katalon.core.main.TestSuiteExecutor.accessTestSuiteMainPhase(TestSuiteExecutor.java:164)
	at com.kms.katalon.core.main.TestSuiteExecutor.execute(TestSuiteExecutor.java:105)
	at com.kms.katalon.core.main.TestCaseMain.startTestSuite(TestCaseMain.java:185)
	at com.kms.katalon.core.main.TestCaseMain$startTestSuite$0.call(Unknown Source)
	at TempTestSuite1638447559393.run(TempTestSuite1638447559393.groovy:36)]]></system-err>
      </testcase>
      <system-out><![CDATA[2021-12-02 19:19:27 - [TEST_SUITE][FAILED] - Mobile: Test Cases/SehatQ/Mobile/cart FAILED.
Reason:
com.kms.katalon.core.exception.StepFailedException: Object klikprofiel not found
	at com.kms.katalon.core.keyword.internal.KeywordMain.stepFailed(KeywordMain.groovy:50)
	at com.kms.katalon.core.mobile.keyword.internal.MobileKeywordMain.stepFailed(MobileKeywordMain.groovy:40)
	at com.kms.katalon.core.mobile.keyword.builtin.TapKeyword$_tap_closure1.doCall(TapKeyword.groovy:79)
	at com.kms.katalon.core.mobile.keyword.builtin.TapKeyword$_tap_closure1.call(TapKeyword.groovy)
	at com.kms.katalon.core.mobile.keyword.internal.MobileKeywordMain.runKeyword(MobileKeywordMain.groovy:21)
	at com.kms.katalon.core.mobile.keyword.builtin.TapKeyword.tap(TapKeyword.groovy:86)
	at com.kms.katalon.core.mobile.keyword.builtin.TapKeyword.execute(TapKeyword.groovy:68)
	at com.kms.katalon.core.keyword.internal.KeywordExecutor.executeKeywordForPlatform(KeywordExecutor.groovy:74)
	at com.kms.katalon.core.mobile.keyword.MobileBuiltInKeywords.tap(MobileBuiltInKeywords.groovy:1355)
	at com.kms.katalon.core.mobile.keyword.MobileBuiltInKeywords$tap$1.call(Unknown Source)
	at com.sehatq.pageobjects.mobile.home.MobileSehatq.cart(MobileSehatq.groovy:332)
	at com.sehatq.pageobjects.mobile.home.MobileSehatq$cart$1.call(Unknown Source)
	at cart.run(cart:27)
	at com.kms.katalon.core.main.ScriptEngine.run(ScriptEngine.java:194)
	at com.kms.katalon.core.main.ScriptEngine.runScriptAsRawText(ScriptEngine.java:119)
	at com.kms.katalon.core.main.TestCaseExecutor.runScript(TestCaseExecutor.java:430)
	at com.kms.katalon.core.main.TestCaseExecutor.doExecute(TestCaseExecutor.java:421)
	at com.kms.katalon.core.main.TestCaseExecutor.processExecutionPhase(TestCaseExecutor.java:400)
	at com.kms.katalon.core.main.TestCaseExecutor.accessMainPhase(TestCaseExecutor.java:392)
	at com.kms.katalon.core.main.TestCaseExecutor.execute(TestCaseExecutor.java:273)
	at com.kms.katalon.core.main.TestSuiteExecutor.accessTestCaseMainPhase(TestSuiteExecutor.java:202)
	at com.kms.katalon.core.main.TestSuiteExecutor.accessTestSuiteMainPhase(TestSuiteExecutor.java:164)
	at com.kms.katalon.core.main.TestSuiteExecutor.execute(TestSuiteExecutor.java:105)
	at com.kms.katalon.core.main.TestCaseMain.startTestSuite(TestCaseMain.java:185)
	at com.kms.katalon.core.main.TestCaseMain$startTestSuite$0.call(Unknown Source)
	at TempTestSuite1638447559393.run(TempTestSuite1638447559393.groovy:36)]]></system-out>
      <system-err><![CDATA[2021-12-02 19:19:27 - [TEST_SUITE][FAILED] - Mobile: Test Cases/SehatQ/Mobile/cart FAILED.
Reason:
com.kms.katalon.core.exception.StepFailedException: Object klikprofiel not found
	at com.kms.katalon.core.keyword.internal.KeywordMain.stepFailed(KeywordMain.groovy:50)
	at com.kms.katalon.core.mobile.keyword.internal.MobileKeywordMain.stepFailed(MobileKeywordMain.groovy:40)
	at com.kms.katalon.core.mobile.keyword.builtin.TapKeyword$_tap_closure1.doCall(TapKeyword.groovy:79)
	at com.kms.katalon.core.mobile.keyword.builtin.TapKeyword$_tap_closure1.call(TapKeyword.groovy)
	at com.kms.katalon.core.mobile.keyword.internal.MobileKeywordMain.runKeyword(MobileKeywordMain.groovy:21)
	at com.kms.katalon.core.mobile.keyword.builtin.TapKeyword.tap(TapKeyword.groovy:86)
	at com.kms.katalon.core.mobile.keyword.builtin.TapKeyword.execute(TapKeyword.groovy:68)
	at com.kms.katalon.core.keyword.internal.KeywordExecutor.executeKeywordForPlatform(KeywordExecutor.groovy:74)
	at com.kms.katalon.core.mobile.keyword.MobileBuiltInKeywords.tap(MobileBuiltInKeywords.groovy:1355)
	at com.kms.katalon.core.mobile.keyword.MobileBuiltInKeywords$tap$1.call(Unknown Source)
	at com.sehatq.pageobjects.mobile.home.MobileSehatq.cart(MobileSehatq.groovy:332)
	at com.sehatq.pageobjects.mobile.home.MobileSehatq$cart$1.call(Unknown Source)
	at cart.run(cart:27)
	at com.kms.katalon.core.main.ScriptEngine.run(ScriptEngine.java:194)
	at com.kms.katalon.core.main.ScriptEngine.runScriptAsRawText(ScriptEngine.java:119)
	at com.kms.katalon.core.main.TestCaseExecutor.runScript(TestCaseExecutor.java:430)
	at com.kms.katalon.core.main.TestCaseExecutor.doExecute(TestCaseExecutor.java:421)
	at com.kms.katalon.core.main.TestCaseExecutor.processExecutionPhase(TestCaseExecutor.java:400)
	at com.kms.katalon.core.main.TestCaseExecutor.accessMainPhase(TestCaseExecutor.java:392)
	at com.kms.katalon.core.main.TestCaseExecutor.execute(TestCaseExecutor.java:273)
	at com.kms.katalon.core.main.TestSuiteExecutor.accessTestCaseMainPhase(TestSuiteExecutor.java:202)
	at com.kms.katalon.core.main.TestSuiteExecutor.accessTestSuiteMainPhase(TestSuiteExecutor.java:164)
	at com.kms.katalon.core.main.TestSuiteExecutor.execute(TestSuiteExecutor.java:105)
	at com.kms.katalon.core.main.TestCaseMain.startTestSuite(TestCaseMain.java:185)
	at com.kms.katalon.core.main.TestCaseMain$startTestSuite$0.call(Unknown Source)
	at TempTestSuite1638447559393.run(TempTestSuite1638447559393.groovy:36)]]></system-err>
   </testsuite>
</testsuites>
