<?xml version="1.0" encoding="UTF-8"?>
<testsuites name="Mobile" time="394.057" tests="5" failures="1" errors="0">
   <testsuite name="Mobile" tests="5" failures="1" errors="0" time="394.057" skipped="0" timestamp="2021-12-02 19:52:16" hostname="Moladin - LAPTOP-GA1E3H5N" id="Test Suites/Mobile">
      <properties>
         <property name="deviceName" value="Xiaomi M2003J15SC (Android 10)"/>
         <property name="devicePlatform" value=""/>
         <property name="logFolder" value="C:\\Users\\Moladin\\sehatq\\Reports\\20211202_195209\\Mobile\\20211202_195209"/>
         <property name="logFiles" value="C:\\Users\\Moladin\\sehatq\\Reports\\20211202_195209\\Mobile\\20211202_195209\\appium.log, C:\\Users\\Moladin\\sehatq\\Reports\\20211202_195209\\Mobile\\20211202_195209\\execution0.log"/>
         <property name="attachments" value="C:\\Users\\Moladin\\sehatq\\Reports\\20211202_195209\\Mobile\\20211202_195209\\1638449927813.png, C:\\Users\\Moladin\\sehatq\\Reports\\20211202_195209\\Mobile\\20211202_195209\\1638449928678.png"/>
         <property name="hostName" value="Moladin - LAPTOP-GA1E3H5N"/>
         <property name="os" value="Windows 10 64bit"/>
         <property name="appiumServerStatus" value="{&quot;value&quot;:{&quot;build&quot;:{&quot;version&quot;:&quot;1.22.0&quot;}},&quot;sessionId&quot;:null,&quot;status&quot;:0}"/>
         <property name="katalonVersion" value="8.1.0.208"/>
         <property name="deviceOS" value="Android"/>
         <property name="appiumVersion" value="1.22.0"/>
         <property name="deviceModel" value="M2003J15SC"/>
         <property name="hostAddress" value="192.168.0.109"/>
         <property name="deviceManufacturer" value="Xiaomi"/>
         <property name="deviceId" value="20860d7e0410"/>
         <property name="deviceName" value="Xiaomi M2003J15SC (Android 10)"/>
         <property name="deviceOSVersion" value="10"/>
      </properties>
      <testcase name="Test Cases/SehatQ/Mobile/Login" time="62.181" classname="Test Cases/SehatQ/Mobile/Login" status="PASSED">
         <system-out><![CDATA[2021-12-02 19:52:16 - [TEST_CASE][PASSED] - Test Cases/SehatQ/Mobile/Login: Test Cases/SehatQ/Mobile/Login

2021-12-02 19:52:17 - [TEST_STEP][PASSED] - startExistingApplication("com.she.sehatq"): Starting app with application ID: 'com.she.sehatq'

2021-12-02 19:52:19 - [MESSAGE][INFO] - Appium server started on port 49,809

2021-12-02 19:52:32 - [MESSAGE][PASSED] - Starting app with application ID: 'com.she.sehatq'

2021-12-02 19:52:32 - [TEST_STEP][PASSED] - mobile = new com.sehatq.pageobjects.mobile.home.MobileSehatq(): null

2021-12-02 19:52:32 - [TEST_STEP][PASSED] - mobile.login(Email, Password): Close app successfully

2021-12-02 19:53:02 - [MESSAGE][WARNING] - Object aktifkanlokasimu not found

2021-12-02 19:53:03 - [MESSAGE][PASSED] - Tapped on element 'klikprofiel'

2021-12-02 19:53:05 - [MESSAGE][PASSED] - Tapped on element 'inputemail'

2021-12-02 19:53:07 - [MESSAGE][PASSED] - Text 'fauzifajrn@gmail.com' has been set to element 'inputemail'

2021-12-02 19:53:09 - [MESSAGE][PASSED] - Tapped on element 'inputpassword'

2021-12-02 19:53:10 - [MESSAGE][PASSED] - Text 'fauzi123' has been set to element 'inputpassword'

2021-12-02 19:53:11 - [MESSAGE][PASSED] - Tapped on element 'aktifkanlokasimu'

2021-12-02 19:53:12 - [MESSAGE][PASSED] - Element 'logodashboard' is present

2021-12-02 19:53:12 - [MESSAGE][INFO] - login berhasil

2021-12-02 19:53:14 - [MESSAGE][PASSED] - Tapped on element 'klikhamburgerprofil'

2021-12-02 19:53:15 - [MESSAGE][PASSED] - Tapped on element 'klikpengaturanaplikasi'

2021-12-02 19:53:17 - [MESSAGE][PASSED] - Tapped on element 'buttonlogout'

2021-12-02 19:53:17 - [MESSAGE][PASSED] - Tapped on element 'kliklogoutya'

2021-12-02 19:53:18 - [MESSAGE][PASSED] - Close app successfully]]></system-out>
         <system-err><![CDATA[]]></system-err>
      </testcase>
      <testcase name="Test Cases/SehatQ/Mobile/Login" time="116.487" classname="Test Cases/SehatQ/Mobile/Login" status="PASSED">
         <system-out><![CDATA[2021-12-02 19:53:18 - [TEST_CASE][PASSED] - Test Cases/SehatQ/Mobile/Login: Test Cases/SehatQ/Mobile/Login

2021-12-02 19:53:18 - [TEST_STEP][PASSED] - startExistingApplication("com.she.sehatq"): Starting app with application ID: 'com.she.sehatq'

2021-12-02 19:53:20 - [MESSAGE][INFO] - Appium server started on port 49,993

2021-12-02 19:53:31 - [MESSAGE][PASSED] - Starting app with application ID: 'com.she.sehatq'

2021-12-02 19:53:31 - [TEST_STEP][PASSED] - mobile = new com.sehatq.pageobjects.mobile.home.MobileSehatq(): null

2021-12-02 19:53:31 - [TEST_STEP][PASSED] - mobile.login(Email, Password): Close app successfully

2021-12-02 19:54:01 - [MESSAGE][WARNING] - Object aktifkanlokasimu not found

2021-12-02 19:54:01 - [MESSAGE][PASSED] - Tapped on element 'klikprofiel'

2021-12-02 19:54:04 - [MESSAGE][PASSED] - Tapped on element 'inputemail'

2021-12-02 19:54:05 - [MESSAGE][PASSED] - Text 'fauzifajrn44@gmail.com' has been set to element 'inputemail'

2021-12-02 19:54:07 - [MESSAGE][PASSED] - Tapped on element 'inputpassword'

2021-12-02 19:54:08 - [MESSAGE][PASSED] - Text 'fauzi123' has been set to element 'inputpassword'

2021-12-02 19:54:09 - [MESSAGE][PASSED] - Tapped on element 'aktifkanlokasimu'

2021-12-02 19:54:39 - [MESSAGE][WARNING] - Object logodashboard not found

2021-12-02 19:55:10 - [MESSAGE][WARNING] - Object popupemailataupasswordsalah not found

2021-12-02 19:55:10 - [MESSAGE][PASSED] - Element 'buttonokpopupemailsalah' is present

2021-12-02 19:55:10 - [MESSAGE][PASSED] - Tapped on element 'buttonokpopupemailsalah'

2021-12-02 19:55:11 - [MESSAGE][PASSED] - Element 'hapusemailpopupemailsalah' text is cleared

2021-12-02 19:55:12 - [MESSAGE][PASSED] - Element 'hapuspasswordpopupemailsalah' text is cleared

2021-12-02 19:55:14 - [MESSAGE][PASSED] - Double tapped on element 'clickback'

2021-12-02 19:55:15 - [MESSAGE][PASSED] - Close app successfully]]></system-out>
         <system-err><![CDATA[]]></system-err>
      </testcase>
      <testcase name="Test Cases/SehatQ/Mobile/Login" time="87.122" classname="Test Cases/SehatQ/Mobile/Login" status="PASSED">
         <system-out><![CDATA[2021-12-02 19:55:15 - [TEST_CASE][PASSED] - Test Cases/SehatQ/Mobile/Login: Test Cases/SehatQ/Mobile/Login

2021-12-02 19:55:15 - [TEST_STEP][PASSED] - startExistingApplication("com.she.sehatq"): Starting app with application ID: 'com.she.sehatq'

2021-12-02 19:55:17 - [MESSAGE][INFO] - Appium server started on port 57,581

2021-12-02 19:55:27 - [MESSAGE][PASSED] - Starting app with application ID: 'com.she.sehatq'

2021-12-02 19:55:27 - [TEST_STEP][PASSED] - mobile = new com.sehatq.pageobjects.mobile.home.MobileSehatq(): null

2021-12-02 19:55:27 - [TEST_STEP][PASSED] - mobile.login(Email, Password): Close app successfully

2021-12-02 19:55:57 - [MESSAGE][WARNING] - Object aktifkanlokasimu not found

2021-12-02 19:55:58 - [MESSAGE][PASSED] - Tapped on element 'klikprofiel'

2021-12-02 19:56:00 - [MESSAGE][PASSED] - Tapped on element 'inputemail'

2021-12-02 19:56:01 - [MESSAGE][PASSED] - Text 'fauzifajrn@gmail.com' has been set to element 'inputemail'

2021-12-02 19:56:03 - [MESSAGE][PASSED] - Tapped on element 'inputpassword'

2021-12-02 19:56:04 - [MESSAGE][PASSED] - Text 'fauzi1234' has been set to element 'inputpassword'

2021-12-02 19:56:05 - [MESSAGE][PASSED] - Tapped on element 'aktifkanlokasimu'

2021-12-02 19:56:35 - [MESSAGE][WARNING] - Object logodashboard not found

2021-12-02 19:56:35 - [MESSAGE][PASSED] - Element 'popupemailataupasswordsalah' is present

2021-12-02 19:56:36 - [MESSAGE][PASSED] - Tapped on element 'buttonokpopupemailsalah'

2021-12-02 19:56:37 - [MESSAGE][PASSED] - Element 'hapusemailpopupemailsalah' text is cleared

2021-12-02 19:56:38 - [MESSAGE][PASSED] - Element 'hapuspasswordpopupemailsalah' text is cleared

2021-12-02 19:56:40 - [MESSAGE][PASSED] - Delayed 2 second(s)

2021-12-02 19:56:41 - [MESSAGE][PASSED] - Double tapped on element 'clickback'

2021-12-02 19:56:42 - [MESSAGE][PASSED] - Close app successfully]]></system-out>
         <system-err><![CDATA[]]></system-err>
      </testcase>
      <testcase name="Test Cases/SehatQ/Mobile/Register" time="80.864" classname="Test Cases/SehatQ/Mobile/Register" status="PASSED">
         <system-out><![CDATA[2021-12-02 19:56:42 - [TEST_CASE][PASSED] - Test Cases/SehatQ/Mobile/Register: Test Cases/SehatQ/Mobile/Register

2021-12-02 19:56:44 - [TEST_STEP][PASSED] - startExistingApplication("com.she.sehatq"): Starting app with application ID: 'com.she.sehatq'

2021-12-02 19:56:46 - [MESSAGE][INFO] - Appium server started on port 57,781

2021-12-02 19:56:57 - [MESSAGE][PASSED] - Starting app with application ID: 'com.she.sehatq'

2021-12-02 19:56:57 - [TEST_STEP][PASSED] - mobile = new com.sehatq.pageobjects.mobile.home.MobileSehatq(): null

2021-12-02 19:56:57 - [TEST_STEP][PASSED] - mobile.register(nama, Email, Password, Action, nomortlp, gender, jenisidentitas, nomoridentitas): Close app successfully

2021-12-02 19:57:01 - [MESSAGE][WARNING] - Object aktifkanlokasimu not found

2021-12-02 19:57:01 - [MESSAGE][PASSED] - Tapped on element 'klikprofiel'

2021-12-02 19:57:01 - [MESSAGE][WARNING] - Timeout '0' is invalid. Using default page load timeout: '30'

2021-12-02 19:57:31 - [MESSAGE][WARNING] - Object verifylogin not found

2021-12-02 19:57:31 - [MESSAGE][INFO] - Tidak perlu logout dulu 

2021-12-02 19:57:32 - [MESSAGE][PASSED] - Tapped on element 'klikdaftar'

2021-12-02 19:57:32 - [MESSAGE][WARNING] - Timeout '0' is invalid. Using default page load timeout: '30'

2021-12-02 19:57:34 - [MESSAGE][PASSED] - Text 'fauzi' has been set to element 'inputnamalengkap'

2021-12-02 19:57:35 - [MESSAGE][PASSED] - Delayed 1 second(s)

2021-12-02 19:57:35 - [MESSAGE][WARNING] - Timeout '0' is invalid. Using default page load timeout: '30'

2021-12-02 19:57:36 - [MESSAGE][PASSED] - Text 'fauzifaaajjeeejrrrn@gmail.com' has been set to element 'inputemaildaftar'

2021-12-02 19:57:37 - [MESSAGE][PASSED] - Delayed 1 second(s)

2021-12-02 19:57:37 - [MESSAGE][WARNING] - Timeout '0' is invalid. Using default page load timeout: '30'

2021-12-02 19:57:38 - [MESSAGE][PASSED] - Text 'fauzi123' has been set to element 'inputpassworddaftar'

2021-12-02 19:57:39 - [MESSAGE][PASSED] - Delayed 1 second(s)

2021-12-02 19:57:40 - [MESSAGE][PASSED] - Tapped on element 'kliksayasetuju'

2021-12-02 19:57:41 - [MESSAGE][PASSED] - Delayed 1 second(s)

2021-12-02 19:57:41 - [MESSAGE][PASSED] - Tapped on element 'buttondaftar'

2021-12-02 19:57:42 - [MESSAGE][PASSED] - Delayed 1 second(s)

2021-12-02 19:57:42 - [MESSAGE][WARNING] - Timeout '0' is invalid. Using default page load timeout: '30'

2021-12-02 19:57:46 - [MESSAGE][PASSED] - Text '08571763667' has been set to element 'inputnotlp'

2021-12-02 19:57:47 - [MESSAGE][PASSED] - Delayed 1 second(s)

2021-12-02 19:57:48 - [MESSAGE][PASSED] - Tapped on element 'inputtgllahir'

2021-12-02 19:57:49 - [MESSAGE][PASSED] - Delayed 1 second(s)

2021-12-02 19:57:49 - [MESSAGE][PASSED] - Tapped on element 'pilihtgllahir'

2021-12-02 19:57:50 - [MESSAGE][PASSED] - Delayed 1 second(s)

2021-12-02 19:57:51 - [MESSAGE][PASSED] - Tapped on element 'jeniskelamin'

2021-12-02 19:57:52 - [MESSAGE][PASSED] - Tapped on element 'jenisidentitas'

2021-12-02 19:57:53 - [MESSAGE][PASSED] - Tapped on element 'klikjenisidentitas'

2021-12-02 19:57:54 - [MESSAGE][PASSED] - Tapped on element 'ktp'

2021-12-02 19:57:56 - [MESSAGE][PASSED] - Text '32764563366372' has been set to element 'noidentitas'

2021-12-02 19:57:57 - [MESSAGE][PASSED] - Tapped on element 'clicklewatiregister'

2021-12-02 19:57:58 - [MESSAGE][PASSED] - Tapped on element 'clickya'

2021-12-02 19:57:59 - [MESSAGE][PASSED] - Tapped on element 'klikhamburgerprofil'

2021-12-02 19:58:00 - [MESSAGE][PASSED] - Tapped on element 'klikpengaturanaplikasi'

2021-12-02 19:58:02 - [MESSAGE][PASSED] - Tapped on element 'buttonlogout'

2021-12-02 19:58:03 - [MESSAGE][PASSED] - Tapped on element 'kliklogoutya'

2021-12-02 19:58:03 - [MESSAGE][PASSED] - Close app successfully]]></system-out>
         <system-err><![CDATA[]]></system-err>
      </testcase>
      <testcase name="Test Cases/SehatQ/Mobile/cart" time="45.611" classname="Test Cases/SehatQ/Mobile/cart" status="FAILED">
         <failure type="FAILED" message="Test Cases/SehatQ/Mobile/cart FAILED.
Reason:
com.kms.katalon.core.exception.StepFailedException: Object buttonbelanjaskrg not found
	at com.kms.katalon.core.keyword.internal.KeywordMain.stepFailed(KeywordMain.groovy:50)
	at com.kms.katalon.core.mobile.keyword.internal.MobileKeywordMain.stepFailed(MobileKeywordMain.groovy:40)
	at com.kms.katalon.core.mobile.keyword.builtin.TapKeyword$_tap_closure1.doCall(TapKeyword.groovy:79)
	at com.kms.katalon.core.mobile.keyword.builtin.TapKeyword$_tap_closure1.call(TapKeyword.groovy)
	at com.kms.katalon.core.mobile.keyword.internal.MobileKeywordMain.runKeyword(MobileKeywordMain.groovy:21)
	at com.kms.katalon.core.mobile.keyword.builtin.TapKeyword.tap(TapKeyword.groovy:86)
	at com.kms.katalon.core.mobile.keyword.builtin.TapKeyword.execute(TapKeyword.groovy:68)
	at com.kms.katalon.core.keyword.internal.KeywordExecutor.executeKeywordForPlatform(KeywordExecutor.groovy:74)
	at com.kms.katalon.core.mobile.keyword.MobileBuiltInKeywords.tap(MobileBuiltInKeywords.groovy:1355)
	at com.kms.katalon.core.mobile.keyword.MobileBuiltInKeywords$tap$1.call(Unknown Source)
	at com.sehatq.pageobjects.mobile.home.MobileSehatq.cart(MobileSehatq.groovy:352)
	at com.sehatq.pageobjects.mobile.home.MobileSehatq$cart$1.call(Unknown Source)
	at cart.run(cart:27)
	at com.kms.katalon.core.main.ScriptEngine.run(ScriptEngine.java:194)
	at com.kms.katalon.core.main.ScriptEngine.runScriptAsRawText(ScriptEngine.java:119)
	at com.kms.katalon.core.main.TestCaseExecutor.runScript(TestCaseExecutor.java:430)
	at com.kms.katalon.core.main.TestCaseExecutor.doExecute(TestCaseExecutor.java:421)
	at com.kms.katalon.core.main.TestCaseExecutor.processExecutionPhase(TestCaseExecutor.java:400)
	at com.kms.katalon.core.main.TestCaseExecutor.accessMainPhase(TestCaseExecutor.java:392)
	at com.kms.katalon.core.main.TestCaseExecutor.execute(TestCaseExecutor.java:273)
	at com.kms.katalon.core.main.TestSuiteExecutor.accessTestCaseMainPhase(TestSuiteExecutor.java:202)
	at com.kms.katalon.core.main.TestSuiteExecutor.accessTestSuiteMainPhase(TestSuiteExecutor.java:164)
	at com.kms.katalon.core.main.TestSuiteExecutor.execute(TestSuiteExecutor.java:105)
	at com.kms.katalon.core.main.TestCaseMain.startTestSuite(TestCaseMain.java:185)
	at com.kms.katalon.core.main.TestCaseMain$startTestSuite$0.call(Unknown Source)
	at TempTestSuite1638449529187.run(TempTestSuite1638449529187.groovy:36)
"/>
         <system-out><![CDATA[2021-12-02 19:58:03 - [TEST_CASE][FAILED] - Test Cases/SehatQ/Mobile/cart: Test Cases/SehatQ/Mobile/cart FAILED.
Reason:
com.kms.katalon.core.exception.StepFailedException: Object buttonbelanjaskrg not found
	at com.kms.katalon.core.keyword.internal.KeywordMain.stepFailed(KeywordMain.groovy:50)
	at com.kms.katalon.core.mobile.keyword.internal.MobileKeywordMain.stepFailed(MobileKeywordMain.groovy:40)
	at com.kms.katalon.core.mobile.keyword.builtin.TapKeyword$_tap_closure1.doCall(TapKeyword.groovy:79)
	at com.kms.katalon.core.mobile.keyword.builtin.TapKeyword$_tap_closure1.call(TapKeyword.groovy)
	at com.kms.katalon.core.mobile.keyword.internal.MobileKeywordMain.runKeyword(MobileKeywordMain.groovy:21)
	at com.kms.katalon.core.mobile.keyword.builtin.TapKeyword.tap(TapKeyword.groovy:86)
	at com.kms.katalon.core.mobile.keyword.builtin.TapKeyword.execute(TapKeyword.groovy:68)
	at com.kms.katalon.core.keyword.internal.KeywordExecutor.executeKeywordForPlatform(KeywordExecutor.groovy:74)
	at com.kms.katalon.core.mobile.keyword.MobileBuiltInKeywords.tap(MobileBuiltInKeywords.groovy:1355)
	at com.kms.katalon.core.mobile.keyword.MobileBuiltInKeywords$tap$1.call(Unknown Source)
	at com.sehatq.pageobjects.mobile.home.MobileSehatq.cart(MobileSehatq.groovy:352)
	at com.sehatq.pageobjects.mobile.home.MobileSehatq$cart$1.call(Unknown Source)
	at cart.run(cart:27)
	at com.kms.katalon.core.main.ScriptEngine.run(ScriptEngine.java:194)
	at com.kms.katalon.core.main.ScriptEngine.runScriptAsRawText(ScriptEngine.java:119)
	at com.kms.katalon.core.main.TestCaseExecutor.runScript(TestCaseExecutor.java:430)
	at com.kms.katalon.core.main.TestCaseExecutor.doExecute(TestCaseExecutor.java:421)
	at com.kms.katalon.core.main.TestCaseExecutor.processExecutionPhase(TestCaseExecutor.java:400)
	at com.kms.katalon.core.main.TestCaseExecutor.accessMainPhase(TestCaseExecutor.java:392)
	at com.kms.katalon.core.main.TestCaseExecutor.execute(TestCaseExecutor.java:273)
	at com.kms.katalon.core.main.TestSuiteExecutor.accessTestCaseMainPhase(TestSuiteExecutor.java:202)
	at com.kms.katalon.core.main.TestSuiteExecutor.accessTestSuiteMainPhase(TestSuiteExecutor.java:164)
	at com.kms.katalon.core.main.TestSuiteExecutor.execute(TestSuiteExecutor.java:105)
	at com.kms.katalon.core.main.TestCaseMain.startTestSuite(TestCaseMain.java:185)
	at com.kms.katalon.core.main.TestCaseMain$startTestSuite$0.call(Unknown Source)
	at TempTestSuite1638449529187.run(TempTestSuite1638449529187.groovy:36)


2021-12-02 19:58:04 - [TEST_STEP][PASSED] - startExistingApplication("com.she.sehatq"): Starting app with application ID: 'com.she.sehatq'

2021-12-02 19:58:06 - [MESSAGE][INFO] - Appium server started on port 57,977

2021-12-02 19:58:17 - [MESSAGE][PASSED] - Starting app with application ID: 'com.she.sehatq'

2021-12-02 19:58:17 - [TEST_STEP][PASSED] - mobile = new com.sehatq.pageobjects.mobile.home.MobileSehatq(): null

2021-12-02 19:58:17 - [TEST_STEP][FAILED] - mobile.cart(email, password, carilokasi, labelalamat, namapenerima, notlpnpenerima, catatan, pengiriman, jenispengiriman, pembayaran): Failed to tap on element 'buttonbelanjaskrg' (Root cause: com.kms.katalon.core.exception.StepFailedException: Object buttonbelanjaskrg not found
	at com.kms.katalon.core.keyword.internal.KeywordMain.stepFailed(KeywordMain.groovy:50)
	at com.kms.katalon.core.mobile.keyword.internal.MobileKeywordMain.stepFailed(MobileKeywordMain.groovy:40)
	at com.kms.katalon.core.mobile.keyword.builtin.TapKeyword$_tap_closure1.doCall(TapKeyword.groovy:79)
	at com.kms.katalon.core.mobile.keyword.builtin.TapKeyword$_tap_closure1.call(TapKeyword.groovy)
	at com.kms.katalon.core.mobile.keyword.internal.MobileKeywordMain.runKeyword(MobileKeywordMain.groovy:21)
	at com.kms.katalon.core.mobile.keyword.builtin.TapKeyword.tap(TapKeyword.groovy:86)
	at com.kms.katalon.core.mobile.keyword.builtin.TapKeyword.execute(TapKeyword.groovy:68)
	at com.kms.katalon.core.keyword.internal.KeywordExecutor.executeKeywordForPlatform(KeywordExecutor.groovy:74)
	at com.kms.katalon.core.mobile.keyword.MobileBuiltInKeywords.tap(MobileBuiltInKeywords.groovy:1355)
	at com.kms.katalon.core.mobile.keyword.MobileBuiltInKeywords$tap$1.call(Unknown Source)
	at com.sehatq.pageobjects.mobile.home.MobileSehatq.cart(MobileSehatq.groovy:352)
	at com.sehatq.pageobjects.mobile.home.MobileSehatq$cart$1.call(Unknown Source)
	at cart.run(cart:27)
	at com.kms.katalon.core.main.ScriptEngine.run(ScriptEngine.java:194)
	at com.kms.katalon.core.main.ScriptEngine.runScriptAsRawText(ScriptEngine.java:119)
	at com.kms.katalon.core.main.TestCaseExecutor.runScript(TestCaseExecutor.java:430)
	at com.kms.katalon.core.main.TestCaseExecutor.doExecute(TestCaseExecutor.java:421)
	at com.kms.katalon.core.main.TestCaseExecutor.processExecutionPhase(TestCaseExecutor.java:400)
	at com.kms.katalon.core.main.TestCaseExecutor.accessMainPhase(TestCaseExecutor.java:392)
	at com.kms.katalon.core.main.TestCaseExecutor.execute(TestCaseExecutor.java:273)
	at com.kms.katalon.core.main.TestSuiteExecutor.accessTestCaseMainPhase(TestSuiteExecutor.java:202)
	at com.kms.katalon.core.main.TestSuiteExecutor.accessTestSuiteMainPhase(TestSuiteExecutor.java:164)
	at com.kms.katalon.core.main.TestSuiteExecutor.execute(TestSuiteExecutor.java:105)
	at com.kms.katalon.core.main.TestCaseMain.startTestSuite(TestCaseMain.java:185)
	at com.kms.katalon.core.main.TestCaseMain$startTestSuite$0.call(Unknown Source)
	at TempTestSuite1638449529187.run(TempTestSuite1638449529187.groovy:36)
)

2021-12-02 19:58:20 - [MESSAGE][WARNING] - Object aktifkanlokasimu not found

2021-12-02 19:58:21 - [MESSAGE][PASSED] - Tapped on element 'klikprofiel'

2021-12-02 19:58:23 - [MESSAGE][PASSED] - Delayed 2 second(s)

2021-12-02 19:58:25 - [MESSAGE][PASSED] - Tapped on element 'inputemail'

2021-12-02 19:58:26 - [MESSAGE][PASSED] - Text 'fauzifajrn@gmail.com' has been set to element 'inputemail'

2021-12-02 19:58:28 - [MESSAGE][PASSED] - Tapped on element 'inputpassword'

2021-12-02 19:58:29 - [MESSAGE][PASSED] - Text 'fauzi123' has been set to element 'inputpassword'

2021-12-02 19:58:30 - [MESSAGE][PASSED] - Tapped on element 'buttonlogin'

2021-12-02 19:58:33 - [MESSAGE][PASSED] - Tapped on element 'klikback'

2021-12-02 19:58:35 - [MESSAGE][PASSED] - Tapped on element 'selectcart'

2021-12-02 19:58:37 - [MESSAGE][PASSED] - Delayed 2 second(s)

2021-12-02 19:58:48 - [MESSAGE][FAILED] - Object buttonbelanjaskrg not found
[[ATTACHMENT|C:\\Users\\Moladin\\sehatq\\Reports\\20211202_195209\\Mobile\\20211202_195209\\1638449927813.png]]

2021-12-02 19:58:49 - [MESSAGE][FAILED] - Failed to tap on element 'buttonbelanjaskrg' (Root cause: com.kms.katalon.core.exception.StepFailedException: Object buttonbelanjaskrg not found
	at com.kms.katalon.core.keyword.internal.KeywordMain.stepFailed(KeywordMain.groovy:50)
	at com.kms.katalon.core.mobile.keyword.internal.MobileKeywordMain.stepFailed(MobileKeywordMain.groovy:40)
	at com.kms.katalon.core.mobile.keyword.builtin.TapKeyword$_tap_closure1.doCall(TapKeyword.groovy:79)
	at com.kms.katalon.core.mobile.keyword.builtin.TapKeyword$_tap_closure1.call(TapKeyword.groovy)
	at com.kms.katalon.core.mobile.keyword.internal.MobileKeywordMain.runKeyword(MobileKeywordMain.groovy:21)
	at com.kms.katalon.core.mobile.keyword.builtin.TapKeyword.tap(TapKeyword.groovy:86)
	at com.kms.katalon.core.mobile.keyword.builtin.TapKeyword.execute(TapKeyword.groovy:68)
	at com.kms.katalon.core.keyword.internal.KeywordExecutor.executeKeywordForPlatform(KeywordExecutor.groovy:74)
	at com.kms.katalon.core.mobile.keyword.MobileBuiltInKeywords.tap(MobileBuiltInKeywords.groovy:1355)
	at com.kms.katalon.core.mobile.keyword.MobileBuiltInKeywords$tap$1.call(Unknown Source)
	at com.sehatq.pageobjects.mobile.home.MobileSehatq.cart(MobileSehatq.groovy:352)
	at com.sehatq.pageobjects.mobile.home.MobileSehatq$cart$1.call(Unknown Source)
	at cart.run(cart:27)
	at com.kms.katalon.core.main.ScriptEngine.run(ScriptEngine.java:194)
	at com.kms.katalon.core.main.ScriptEngine.runScriptAsRawText(ScriptEngine.java:119)
	at com.kms.katalon.core.main.TestCaseExecutor.runScript(TestCaseExecutor.java:430)
	at com.kms.katalon.core.main.TestCaseExecutor.doExecute(TestCaseExecutor.java:421)
	at com.kms.katalon.core.main.TestCaseExecutor.processExecutionPhase(TestCaseExecutor.java:400)
	at com.kms.katalon.core.main.TestCaseExecutor.accessMainPhase(TestCaseExecutor.java:392)
	at com.kms.katalon.core.main.TestCaseExecutor.execute(TestCaseExecutor.java:273)
	at com.kms.katalon.core.main.TestSuiteExecutor.accessTestCaseMainPhase(TestSuiteExecutor.java:202)
	at com.kms.katalon.core.main.TestSuiteExecutor.accessTestSuiteMainPhase(TestSuiteExecutor.java:164)
	at com.kms.katalon.core.main.TestSuiteExecutor.execute(TestSuiteExecutor.java:105)
	at com.kms.katalon.core.main.TestCaseMain.startTestSuite(TestCaseMain.java:185)
	at com.kms.katalon.core.main.TestCaseMain$startTestSuite$0.call(Unknown Source)
	at TempTestSuite1638449529187.run(TempTestSuite1638449529187.groovy:36)
)
[[ATTACHMENT|C:\\Users\\Moladin\\sehatq\\Reports\\20211202_195209\\Mobile\\20211202_195209\\1638449928678.png]]]]></system-out>
         <system-err><![CDATA[2021-12-02 19:58:03 - [TEST_CASE][FAILED] - Test Cases/SehatQ/Mobile/cart: Test Cases/SehatQ/Mobile/cart FAILED.
Reason:
com.kms.katalon.core.exception.StepFailedException: Object buttonbelanjaskrg not found
	at com.kms.katalon.core.keyword.internal.KeywordMain.stepFailed(KeywordMain.groovy:50)
	at com.kms.katalon.core.mobile.keyword.internal.MobileKeywordMain.stepFailed(MobileKeywordMain.groovy:40)
	at com.kms.katalon.core.mobile.keyword.builtin.TapKeyword$_tap_closure1.doCall(TapKeyword.groovy:79)
	at com.kms.katalon.core.mobile.keyword.builtin.TapKeyword$_tap_closure1.call(TapKeyword.groovy)
	at com.kms.katalon.core.mobile.keyword.internal.MobileKeywordMain.runKeyword(MobileKeywordMain.groovy:21)
	at com.kms.katalon.core.mobile.keyword.builtin.TapKeyword.tap(TapKeyword.groovy:86)
	at com.kms.katalon.core.mobile.keyword.builtin.TapKeyword.execute(TapKeyword.groovy:68)
	at com.kms.katalon.core.keyword.internal.KeywordExecutor.executeKeywordForPlatform(KeywordExecutor.groovy:74)
	at com.kms.katalon.core.mobile.keyword.MobileBuiltInKeywords.tap(MobileBuiltInKeywords.groovy:1355)
	at com.kms.katalon.core.mobile.keyword.MobileBuiltInKeywords$tap$1.call(Unknown Source)
	at com.sehatq.pageobjects.mobile.home.MobileSehatq.cart(MobileSehatq.groovy:352)
	at com.sehatq.pageobjects.mobile.home.MobileSehatq$cart$1.call(Unknown Source)
	at cart.run(cart:27)
	at com.kms.katalon.core.main.ScriptEngine.run(ScriptEngine.java:194)
	at com.kms.katalon.core.main.ScriptEngine.runScriptAsRawText(ScriptEngine.java:119)
	at com.kms.katalon.core.main.TestCaseExecutor.runScript(TestCaseExecutor.java:430)
	at com.kms.katalon.core.main.TestCaseExecutor.doExecute(TestCaseExecutor.java:421)
	at com.kms.katalon.core.main.TestCaseExecutor.processExecutionPhase(TestCaseExecutor.java:400)
	at com.kms.katalon.core.main.TestCaseExecutor.accessMainPhase(TestCaseExecutor.java:392)
	at com.kms.katalon.core.main.TestCaseExecutor.execute(TestCaseExecutor.java:273)
	at com.kms.katalon.core.main.TestSuiteExecutor.accessTestCaseMainPhase(TestSuiteExecutor.java:202)
	at com.kms.katalon.core.main.TestSuiteExecutor.accessTestSuiteMainPhase(TestSuiteExecutor.java:164)
	at com.kms.katalon.core.main.TestSuiteExecutor.execute(TestSuiteExecutor.java:105)
	at com.kms.katalon.core.main.TestCaseMain.startTestSuite(TestCaseMain.java:185)
	at com.kms.katalon.core.main.TestCaseMain$startTestSuite$0.call(Unknown Source)
	at TempTestSuite1638449529187.run(TempTestSuite1638449529187.groovy:36)]]></system-err>
      </testcase>
      <system-out><![CDATA[2021-12-02 19:52:16 - [TEST_SUITE][FAILED] - Mobile: Test Cases/SehatQ/Mobile/cart FAILED.
Reason:
com.kms.katalon.core.exception.StepFailedException: Object buttonbelanjaskrg not found
	at com.kms.katalon.core.keyword.internal.KeywordMain.stepFailed(KeywordMain.groovy:50)
	at com.kms.katalon.core.mobile.keyword.internal.MobileKeywordMain.stepFailed(MobileKeywordMain.groovy:40)
	at com.kms.katalon.core.mobile.keyword.builtin.TapKeyword$_tap_closure1.doCall(TapKeyword.groovy:79)
	at com.kms.katalon.core.mobile.keyword.builtin.TapKeyword$_tap_closure1.call(TapKeyword.groovy)
	at com.kms.katalon.core.mobile.keyword.internal.MobileKeywordMain.runKeyword(MobileKeywordMain.groovy:21)
	at com.kms.katalon.core.mobile.keyword.builtin.TapKeyword.tap(TapKeyword.groovy:86)
	at com.kms.katalon.core.mobile.keyword.builtin.TapKeyword.execute(TapKeyword.groovy:68)
	at com.kms.katalon.core.keyword.internal.KeywordExecutor.executeKeywordForPlatform(KeywordExecutor.groovy:74)
	at com.kms.katalon.core.mobile.keyword.MobileBuiltInKeywords.tap(MobileBuiltInKeywords.groovy:1355)
	at com.kms.katalon.core.mobile.keyword.MobileBuiltInKeywords$tap$1.call(Unknown Source)
	at com.sehatq.pageobjects.mobile.home.MobileSehatq.cart(MobileSehatq.groovy:352)
	at com.sehatq.pageobjects.mobile.home.MobileSehatq$cart$1.call(Unknown Source)
	at cart.run(cart:27)
	at com.kms.katalon.core.main.ScriptEngine.run(ScriptEngine.java:194)
	at com.kms.katalon.core.main.ScriptEngine.runScriptAsRawText(ScriptEngine.java:119)
	at com.kms.katalon.core.main.TestCaseExecutor.runScript(TestCaseExecutor.java:430)
	at com.kms.katalon.core.main.TestCaseExecutor.doExecute(TestCaseExecutor.java:421)
	at com.kms.katalon.core.main.TestCaseExecutor.processExecutionPhase(TestCaseExecutor.java:400)
	at com.kms.katalon.core.main.TestCaseExecutor.accessMainPhase(TestCaseExecutor.java:392)
	at com.kms.katalon.core.main.TestCaseExecutor.execute(TestCaseExecutor.java:273)
	at com.kms.katalon.core.main.TestSuiteExecutor.accessTestCaseMainPhase(TestSuiteExecutor.java:202)
	at com.kms.katalon.core.main.TestSuiteExecutor.accessTestSuiteMainPhase(TestSuiteExecutor.java:164)
	at com.kms.katalon.core.main.TestSuiteExecutor.execute(TestSuiteExecutor.java:105)
	at com.kms.katalon.core.main.TestCaseMain.startTestSuite(TestCaseMain.java:185)
	at com.kms.katalon.core.main.TestCaseMain$startTestSuite$0.call(Unknown Source)
	at TempTestSuite1638449529187.run(TempTestSuite1638449529187.groovy:36)]]></system-out>
      <system-err><![CDATA[2021-12-02 19:52:16 - [TEST_SUITE][FAILED] - Mobile: Test Cases/SehatQ/Mobile/cart FAILED.
Reason:
com.kms.katalon.core.exception.StepFailedException: Object buttonbelanjaskrg not found
	at com.kms.katalon.core.keyword.internal.KeywordMain.stepFailed(KeywordMain.groovy:50)
	at com.kms.katalon.core.mobile.keyword.internal.MobileKeywordMain.stepFailed(MobileKeywordMain.groovy:40)
	at com.kms.katalon.core.mobile.keyword.builtin.TapKeyword$_tap_closure1.doCall(TapKeyword.groovy:79)
	at com.kms.katalon.core.mobile.keyword.builtin.TapKeyword$_tap_closure1.call(TapKeyword.groovy)
	at com.kms.katalon.core.mobile.keyword.internal.MobileKeywordMain.runKeyword(MobileKeywordMain.groovy:21)
	at com.kms.katalon.core.mobile.keyword.builtin.TapKeyword.tap(TapKeyword.groovy:86)
	at com.kms.katalon.core.mobile.keyword.builtin.TapKeyword.execute(TapKeyword.groovy:68)
	at com.kms.katalon.core.keyword.internal.KeywordExecutor.executeKeywordForPlatform(KeywordExecutor.groovy:74)
	at com.kms.katalon.core.mobile.keyword.MobileBuiltInKeywords.tap(MobileBuiltInKeywords.groovy:1355)
	at com.kms.katalon.core.mobile.keyword.MobileBuiltInKeywords$tap$1.call(Unknown Source)
	at com.sehatq.pageobjects.mobile.home.MobileSehatq.cart(MobileSehatq.groovy:352)
	at com.sehatq.pageobjects.mobile.home.MobileSehatq$cart$1.call(Unknown Source)
	at cart.run(cart:27)
	at com.kms.katalon.core.main.ScriptEngine.run(ScriptEngine.java:194)
	at com.kms.katalon.core.main.ScriptEngine.runScriptAsRawText(ScriptEngine.java:119)
	at com.kms.katalon.core.main.TestCaseExecutor.runScript(TestCaseExecutor.java:430)
	at com.kms.katalon.core.main.TestCaseExecutor.doExecute(TestCaseExecutor.java:421)
	at com.kms.katalon.core.main.TestCaseExecutor.processExecutionPhase(TestCaseExecutor.java:400)
	at com.kms.katalon.core.main.TestCaseExecutor.accessMainPhase(TestCaseExecutor.java:392)
	at com.kms.katalon.core.main.TestCaseExecutor.execute(TestCaseExecutor.java:273)
	at com.kms.katalon.core.main.TestSuiteExecutor.accessTestCaseMainPhase(TestSuiteExecutor.java:202)
	at com.kms.katalon.core.main.TestSuiteExecutor.accessTestSuiteMainPhase(TestSuiteExecutor.java:164)
	at com.kms.katalon.core.main.TestSuiteExecutor.execute(TestSuiteExecutor.java:105)
	at com.kms.katalon.core.main.TestCaseMain.startTestSuite(TestCaseMain.java:185)
	at com.kms.katalon.core.main.TestCaseMain$startTestSuite$0.call(Unknown Source)
	at TempTestSuite1638449529187.run(TempTestSuite1638449529187.groovy:36)]]></system-err>
   </testsuite>
</testsuites>
